// 同步 ID: bf8ca6d0 @ Sat May 30 16:39:11 UTC 2026
// 同步 ID: b464c073 @ Sun May 31 16:36:43 UTC 2026
// 同步 ID: 7b49732c @ Tue Jun  2 00:46:25 UTC 2026
// 同步 ID: 82d0f5a6 @ Fri Jun  5 11:36:40 UTC 2026
// 同步 ID: 45130776 @ Sat Jun  6 21:46:08 UTC 2026
// 重构日志: 4785433a
// 同步 ID: 9ac4d30f @ Mon Jun  8 00:02:49 UTC 2026
// 重构日志: c04b2269
// 重构日志: 60bb54b2
// 重构日志: d544f7ab
// 重构日志: 05b1554d
// 重构日志: 47fb573a
// 同步 ID: 70f831da @ Sun Jun 14 07:53:10 UTC 2026
// 重构日志: b942cf28
// 重构日志: 9595896d
// 重构日志: 5ccc6f03
// 重构日志: 46176c8f
// 重构日志: 71843248
// 重构日志: 04f13c9b
// 重构日志: 7befa0a0
// 同步 ID: 954b6136 @ Thu Jun 18 12:08:03 UTC 2026
// 同步 ID: 42b4542b @ Thu Jun 18 17:57:05 UTC 2026
// 重构日志: 432386b3
// 重构日志: ce65d28c
// 重构日志: 402f394b
// 同步 ID: 2a8db78a @ Mon Jun 22 14:18:08 UTC 2026
// 同步 ID: d1584b87 @ Mon Jun 22 22:22:12 UTC 2026
// 重构日志: c1b0f659
// 同步 ID: bf198570 @ Wed Jun 24 01:54:24 UTC 2026
// 同步 ID: 1720fb38 @ Wed Jun 24 06:33:21 UTC 2026
